


ARM Macro Assembler    Page 1 


    1 00000000         ;******************** (C) COPYRIGHT 2013 STMicroelectron
                       ics ********************
    2 00000000         ;* File Name          : startup_stm32f40_41xxx.s
    3 00000000         ;* Author             : MCD Application Team
    4 00000000         ;* Version            : V1.3.0
    5 00000000         ;* Date               : 08-November-2013
    6 00000000         ;* Description        : STM32F40xxx/41xxx devices vector
                        table for MDK-ARM toolchain. 
    7 00000000         ;*                      This module performs:
    8 00000000         ;*                      - Set the initial SP
    9 00000000         ;*                      - Set the initial PC == Reset_Ha
                       ndler
   10 00000000         ;*                      - Set the vector table entries w
                       ith the exceptions ISR address
   11 00000000         ;*                      - Configure the system clock and
                        the external SRAM mounted on 
   12 00000000         ;*                        STM324xG-EVAL board to be used
                        as data memory (optional, 
   13 00000000         ;*                        to be enabled by user)
   14 00000000         ;*                      - Branches to __main in the C li
                       brary (which eventually
   15 00000000         ;*                        calls main()).
   16 00000000         ;*                      After Reset the CortexM4 process
                       or is in Thread mode,
   17 00000000         ;*                      priority is Privileged, and the 
                       Stack is set to Main.
   18 00000000         ;* <<< Use Configuration Wizard in Context Menu >>>   
   19 00000000         ;*******************************************************
                       ************************
   20 00000000         ; 
   21 00000000         ; Licensed under MCD-ST Liberty SW License Agreement V2,
                        (the "License");
   22 00000000         ; You may not use this file except in compliance with th
                       e License.
   23 00000000         ; You may obtain a copy of the License at:
   24 00000000         ; 
   25 00000000         ;        http://www.st.com/software_license_agreement_li
                       berty_v2
   26 00000000         ; 
   27 00000000         ; Unless required by applicable law or agreed to in writ
                       ing, software 
   28 00000000         ; distributed under the License is distributed on an "AS
                        IS" BASIS, 
   29 00000000         ; WITHOUT WARRANTIES OR CONDITIONS OF ANY KIND, either e
                       xpress or implied.
   30 00000000         ; See the License for the specific language governing pe
                       rmissions and
   31 00000000         ; limitations under the License.
   32 00000000         ; 
   33 00000000         ;*******************************************************
                       ************************
   34 00000000         
   35 00000000         ; Amount of memory (in bytes) allocated for Stack
   36 00000000         ; Tailor this value to your application needs
   37 00000000         ; <h> Stack Configuration
   38 00000000         ;   <o> Stack Size (in Bytes) <0x0-0xFFFFFFFF:8>
   39 00000000         ; </h>
   40 00000000         
   41 00000000 00000400 



ARM Macro Assembler    Page 2 


                       Stack_Size
                               EQU              0x00000400
   42 00000000         
   43 00000000                 AREA             STACK, NOINIT, READWRITE, ALIGN
=3
   44 00000000         Stack_Mem
                               SPACE            Stack_Size
   45 00000400         __initial_sp
   46 00000400         
   47 00000400         
   48 00000400         ; <h> Heap Configuration
   49 00000400         ;   <o>  Heap Size (in Bytes) <0x0-0xFFFFFFFF:8>
   50 00000400         ; </h>
   51 00000400         
   52 00000400 00000200 
                       Heap_Size
                               EQU              0x00000200
   53 00000400         
   54 00000400                 AREA             HEAP, NOINIT, READWRITE, ALIGN=
3
   55 00000000         __heap_base
   56 00000000         Heap_Mem
                               SPACE            Heap_Size
   57 00000200         __heap_limit
   58 00000200         
   59 00000200                 PRESERVE8
   60 00000200                 THUMB
   61 00000200         
   62 00000200         
   63 00000200         ; Vector Table Mapped to Address 0 at Reset
   64 00000200                 AREA             RESET, DATA, READONLY
   65 00000000                 EXPORT           __Vectors
   66 00000000                 EXPORT           __Vectors_End
   67 00000000                 EXPORT           __Vectors_Size
   68 00000000         
   69 00000000 00000000 
                       __Vectors
                               DCD              __initial_sp ; Top of Stack
   70 00000004 00000000        DCD              Reset_Handler ; Reset Handler
   71 00000008 00000000        DCD              NMI_Handler ; NMI Handler
   72 0000000C 00000000        DCD              HardFault_Handler ; Hard Fault 
                                                            Handler
   73 00000010 00000000        DCD              MemManage_Handler 
                                                            ; MPU Fault Handler
                                                            
   74 00000014 00000000        DCD              BusFault_Handler 
                                                            ; Bus Fault Handler
                                                            
   75 00000018 00000000        DCD              UsageFault_Handler ; Usage Faul
                                                            t Handler
   76 0000001C 00000000        DCD              0           ; Reserved
   77 00000020 00000000        DCD              0           ; Reserved
   78 00000024 00000000        DCD              0           ; Reserved
   79 00000028 00000000        DCD              0           ; Reserved
   80 0000002C 00000000        DCD              SVC_Handler ; SVCall Handler
   81 00000030 00000000        DCD              DebugMon_Handler ; Debug Monito
                                                            r Handler
   82 00000034 00000000        DCD              0           ; Reserved
   83 00000038 00000000        DCD              PendSV_Handler ; PendSV Handler



ARM Macro Assembler    Page 3 


                                                            
   84 0000003C 00000000        DCD              SysTick_Handler 
                                                            ; SysTick Handler
   85 00000040         
   86 00000040         ; External Interrupts
   87 00000040 00000000        DCD              WWDG_IRQHandler ; Window WatchD
                                                            og                 
                                                                               
                                                                
   88 00000044 00000000        DCD              PVD_IRQHandler ; PVD through EX
                                                            TI Line detection  
                                                                               
                                                               
   89 00000048 00000000        DCD              TAMP_STAMP_IRQHandler ; Tamper 
                                                            and TimeStamps thro
                                                            ugh the EXTI line  
                                                                      
   90 0000004C 00000000        DCD              RTC_WKUP_IRQHandler ; RTC Wakeu
                                                            p through the EXTI 
                                                            line               
                                                                    
   91 00000050 00000000        DCD              FLASH_IRQHandler ; FLASH       
                                                                               
                                                                             
   92 00000054 00000000        DCD              RCC_IRQHandler ; RCC           
                                                                               
                                                                           
   93 00000058 00000000        DCD              EXTI0_IRQHandler ; EXTI Line0  
                                                                               
                                                                               
                                                                 
   94 0000005C 00000000        DCD              EXTI1_IRQHandler ; EXTI Line1  
                                                                               
                                                                               
                                                                 
   95 00000060 00000000        DCD              EXTI2_IRQHandler ; EXTI Line2  
                                                                               
                                                                               
                                                                 
   96 00000064 00000000        DCD              EXTI3_IRQHandler ; EXTI Line3  
                                                                               
                                                                               
                                                                 
   97 00000068 00000000        DCD              EXTI4_IRQHandler ; EXTI Line4  
                                                                               
                                                                               
                                                                 
   98 0000006C 00000000        DCD              DMA1_Stream0_IRQHandler ; DMA1 
                                                            Stream 0           
                                                                               
                                                                 
   99 00000070 00000000        DCD              DMA1_Stream1_IRQHandler ; DMA1 
                                                            Stream 1           
                                                                               
                                                                 
  100 00000074 00000000        DCD              DMA1_Stream2_IRQHandler ; DMA1 
                                                            Stream 2           
                                                                               
                                                                 



ARM Macro Assembler    Page 4 


  101 00000078 00000000        DCD              DMA1_Stream3_IRQHandler ; DMA1 
                                                            Stream 3           
                                                                               
                                                                 
  102 0000007C 00000000        DCD              DMA1_Stream4_IRQHandler ; DMA1 
                                                            Stream 4           
                                                                               
                                                                 
  103 00000080 00000000        DCD              DMA1_Stream5_IRQHandler ; DMA1 
                                                            Stream 5           
                                                                               
                                                                 
  104 00000084 00000000        DCD              DMA1_Stream6_IRQHandler ; DMA1 
                                                            Stream 6           
                                                                               
                                                                 
  105 00000088 00000000        DCD              ADC_IRQHandler ; ADC1, ADC2 and
                                                             ADC3s             
                                                                           
  106 0000008C 00000000        DCD              CAN1_TX_IRQHandler ; CAN1 TX   
                                                                               
                                                                               
                                                                   
  107 00000090 00000000        DCD              CAN1_RX0_IRQHandler ; CAN1 RX0 
                                                                               
                                                                               
                                                                    
  108 00000094 00000000        DCD              CAN1_RX1_IRQHandler ; CAN1 RX1 
                                                                               
                                                                               
                                                                    
  109 00000098 00000000        DCD              CAN1_SCE_IRQHandler ; CAN1 SCE 
                                                                               
                                                                               
                                                                    
  110 0000009C 00000000        DCD              EXTI9_5_IRQHandler ; External L
                                                            ine[9:5]s          
                                                                               
                                                                   
  111 000000A0 00000000        DCD              TIM1_BRK_TIM9_IRQHandler ; TIM1
                                                             Break and TIM9    
                                                                           
  112 000000A4 00000000        DCD              TIM1_UP_TIM10_IRQHandler ; TIM1
                                                             Update and TIM10  
                                                                           
  113 000000A8 00000000        DCD              TIM1_TRG_COM_TIM11_IRQHandler ;
                                                             TIM1 Trigger and C
                                                            ommutation and TIM1
                                                            1
  114 000000AC 00000000        DCD              TIM1_CC_IRQHandler ; TIM1 Captu
                                                            re Compare         
                                                                               
                                                                   
  115 000000B0 00000000        DCD              TIM2_IRQHandler ; TIM2         
                                                                               
                                                                            
  116 000000B4 00000000        DCD              TIM3_IRQHandler ; TIM3         
                                                                               
                                                                            



ARM Macro Assembler    Page 5 


  117 000000B8 00000000        DCD              TIM4_IRQHandler ; TIM4         
                                                                               
                                                                            
  118 000000BC 00000000        DCD              I2C1_EV_IRQHandler ; I2C1 Event
                                                                               
                                                                               
                                                                   
  119 000000C0 00000000        DCD              I2C1_ER_IRQHandler ; I2C1 Error
                                                                               
                                                                               
                                                                   
  120 000000C4 00000000        DCD              I2C2_EV_IRQHandler ; I2C2 Event
                                                                               
                                                                               
                                                                   
  121 000000C8 00000000        DCD              I2C2_ER_IRQHandler ; I2C2 Error
                                                                               
                                                                               
                                                                     
  122 000000CC 00000000        DCD              SPI1_IRQHandler ; SPI1         
                                                                               
                                                                            
  123 000000D0 00000000        DCD              SPI2_IRQHandler ; SPI2         
                                                                               
                                                                            
  124 000000D4 00000000        DCD              USART1_IRQHandler ; USART1     
                                                                               
                                                                              
  125 000000D8 00000000        DCD              USART2_IRQHandler ; USART2     
                                                                               
                                                                              
  126 000000DC 00000000        DCD              USART3_IRQHandler ; USART3     
                                                                               
                                                                              
  127 000000E0 00000000        DCD              EXTI15_10_IRQHandler ; External
                                                             Line[15:10]s      
                                                                               
                                                                     
  128 000000E4 00000000        DCD              RTC_Alarm_IRQHandler ; RTC Alar
                                                            m (A and B) through
                                                             EXTI Line         
                                                                     
  129 000000E8 00000000        DCD              OTG_FS_WKUP_IRQHandler ; USB OT
                                                            G FS Wakeup through
                                                             EXTI line         
                                                                           
  130 000000EC 00000000        DCD              TIM8_BRK_TIM12_IRQHandler ; TIM
                                                            8 Break and TIM12  
                                                                            
  131 000000F0 00000000        DCD              TIM8_UP_TIM13_IRQHandler ; TIM8
                                                             Update and TIM13  
                                                                           
  132 000000F4 00000000        DCD              TIM8_TRG_COM_TIM14_IRQHandler ;
                                                             TIM8 Trigger and C
                                                            ommutation and TIM1
                                                            4
  133 000000F8 00000000        DCD              TIM8_CC_IRQHandler ; TIM8 Captu
                                                            re Compare         
                                                                               



ARM Macro Assembler    Page 6 


                                                                   
  134 000000FC 00000000        DCD              DMA1_Stream7_IRQHandler ; DMA1 
                                                            Stream7            
                                                                               
                                                                        
  135 00000100 00000000        DCD              FSMC_IRQHandler ; FSMC         
                                                                               
                                                                            
  136 00000104 00000000        DCD              SDIO_IRQHandler ; SDIO         
                                                                               
                                                                            
  137 00000108 00000000        DCD              TIM5_IRQHandler ; TIM5         
                                                                               
                                                                            
  138 0000010C 00000000        DCD              SPI3_IRQHandler ; SPI3         
                                                                               
                                                                            
  139 00000110 00000000        DCD              UART4_IRQHandler ; UART4       
                                                                               
                                                                             
  140 00000114 00000000        DCD              UART5_IRQHandler ; UART5       
                                                                               
                                                                             
  141 00000118 00000000        DCD              TIM6_DAC_IRQHandler ; TIM6 and 
                                                            DAC1&2 underrun err
                                                            ors                
                                                               
  142 0000011C 00000000        DCD              TIM7_IRQHandler ; TIM7         
                                                                      
  143 00000120 00000000        DCD              DMA2_Stream0_IRQHandler ; DMA2 
                                                            Stream 0           
                                                                               
                                                                 
  144 00000124 00000000        DCD              DMA2_Stream1_IRQHandler ; DMA2 
                                                            Stream 1           
                                                                               
                                                                 
  145 00000128 00000000        DCD              DMA2_Stream2_IRQHandler ; DMA2 
                                                            Stream 2           
                                                                               
                                                                 
  146 0000012C 00000000        DCD              DMA2_Stream3_IRQHandler ; DMA2 
                                                            Stream 3           
                                                                               
                                                                 
  147 00000130 00000000        DCD              DMA2_Stream4_IRQHandler ; DMA2 
                                                            Stream 4           
                                                                               
                                                                 
  148 00000134 00000000        DCD              ETH_IRQHandler ; Ethernet      
                                                                               
                                                                           
  149 00000138 00000000        DCD              ETH_WKUP_IRQHandler ; Ethernet 
                                                            Wakeup through EXTI
                                                             line              
                                                                    
  150 0000013C 00000000        DCD              CAN2_TX_IRQHandler ; CAN2 TX   
                                                                               
                                                                               



ARM Macro Assembler    Page 7 


                                                                   
  151 00000140 00000000        DCD              CAN2_RX0_IRQHandler ; CAN2 RX0 
                                                                               
                                                                               
                                                                    
  152 00000144 00000000        DCD              CAN2_RX1_IRQHandler ; CAN2 RX1 
                                                                               
                                                                               
                                                                    
  153 00000148 00000000        DCD              CAN2_SCE_IRQHandler ; CAN2 SCE 
                                                                               
                                                                               
                                                                    
  154 0000014C 00000000        DCD              OTG_FS_IRQHandler ; USB OTG FS 
                                                                               
                                                                              
  155 00000150 00000000        DCD              DMA2_Stream5_IRQHandler ; DMA2 
                                                            Stream 5           
                                                                               
                                                                 
  156 00000154 00000000        DCD              DMA2_Stream6_IRQHandler ; DMA2 
                                                            Stream 6           
                                                                               
                                                                 
  157 00000158 00000000        DCD              DMA2_Stream7_IRQHandler ; DMA2 
                                                            Stream 7           
                                                                               
                                                                 
  158 0000015C 00000000        DCD              USART6_IRQHandler ; USART6     
                                                                               
                                                                               
                                                            
  159 00000160 00000000        DCD              I2C3_EV_IRQHandler ; I2C3 event
                                                                               
                                                                               
                                                                   
  160 00000164 00000000        DCD              I2C3_ER_IRQHandler ; I2C3 error
                                                                               
                                                                               
                                                                   
  161 00000168 00000000        DCD              OTG_HS_EP1_OUT_IRQHandler ; USB
                                                             OTG HS End Point 1
                                                             Out               
                                                                   
  162 0000016C 00000000        DCD              OTG_HS_EP1_IN_IRQHandler ; USB 
                                                            OTG HS End Point 1 
                                                            In                 
                                                                  
  163 00000170 00000000        DCD              OTG_HS_WKUP_IRQHandler ; USB OT
                                                            G HS Wakeup through
                                                             EXTI              
                                                                       
  164 00000174 00000000        DCD              OTG_HS_IRQHandler ; USB OTG HS 
                                                                               
                                                                              
  165 00000178 00000000        DCD              DCMI_IRQHandler ; DCMI         
                                                                               
                                                                            
  166 0000017C 00000000        DCD              CRYP_IRQHandler ; CRYP crypto  



ARM Macro Assembler    Page 8 


                                                                               
                                                                            
  167 00000180 00000000        DCD              HASH_RNG_IRQHandler 
                                                            ; Hash and Rng
  168 00000184 00000000        DCD              FPU_IRQHandler ; FPU
  169 00000188         
  170 00000188         __Vectors_End
  171 00000188         
  172 00000188 00000188 
                       __Vectors_Size
                               EQU              __Vectors_End - __Vectors
  173 00000188         
  174 00000188                 AREA             |.text|, CODE, READONLY
  175 00000000         
  176 00000000         ; Reset handler
  177 00000000         Reset_Handler
                               PROC
  178 00000000                 EXPORT           Reset_Handler             [WEAK
]
  179 00000000         
  180 00000000                 IMPORT           __main
  181 00000000                 IMPORT           ViterbiUpdate_asm
  182 00000000         ; enabling floating point operation
  183 00000000 F8DF 0028       LDR.W            R0, =0xE000ED88
  184 00000004 6801            LDR              R1, [R0]
  185 00000006 F441 0170       ORR              R1, R1, #(0xF << 20)
  186 0000000A 6001            STR              R1, [R0]
  187 0000000C F3BF 8F4F       DSB
  188 00000010 F3BF 8F6F       ISB
  189 00000014         
  190 00000014         
  191 00000014 4806            LDR              R0, =__main
  192 00000016 4700            BX               R0
  193 00000018                 ENDP
  194 00000018         
  195 00000018         ; Dummy Exception Handlers (infinite loops which can be 
                       modified)
  196 00000018         
  197 00000018         NMI_Handler
                               PROC
  198 00000018                 EXPORT           NMI_Handler                [WEA
K]
  199 00000018 E7FE            B                .
  200 0000001A                 ENDP
  202 0000001A         HardFault_Handler
                               PROC
  203 0000001A                 EXPORT           HardFault_Handler          [WEA
K]
  204 0000001A E7FE            B                .
  205 0000001C                 ENDP
  207 0000001C         MemManage_Handler
                               PROC
  208 0000001C                 EXPORT           MemManage_Handler          [WEA
K]
  209 0000001C E7FE            B                .
  210 0000001E                 ENDP
  212 0000001E         BusFault_Handler
                               PROC
  213 0000001E                 EXPORT           BusFault_Handler           [WEA



ARM Macro Assembler    Page 9 


K]
  214 0000001E E7FE            B                .
  215 00000020                 ENDP
  217 00000020         UsageFault_Handler
                               PROC
  218 00000020                 EXPORT           UsageFault_Handler         [WEA
K]
  219 00000020 E7FE            B                .
  220 00000022                 ENDP
  221 00000022         SVC_Handler
                               PROC
  222 00000022                 EXPORT           SVC_Handler                [WEA
K]
  223 00000022 E7FE            B                .
  224 00000024                 ENDP
  226 00000024         DebugMon_Handler
                               PROC
  227 00000024                 EXPORT           DebugMon_Handler           [WEA
K]
  228 00000024 E7FE            B                .
  229 00000026                 ENDP
  230 00000026         PendSV_Handler
                               PROC
  231 00000026                 EXPORT           PendSV_Handler             [WEA
K]
  232 00000026 E7FE            B                .
  233 00000028                 ENDP
  234 00000028         SysTick_Handler
                               PROC
  235 00000028                 EXPORT           SysTick_Handler            [WEA
K]
  236 00000028 E7FE            B                .
  237 0000002A                 ENDP
  238 0000002A         
  239 0000002A         Default_Handler
                               PROC
  240 0000002A         
  241 0000002A                 EXPORT           WWDG_IRQHandler                
   [WEAK]
  242 0000002A                 EXPORT           PVD_IRQHandler                 
   [WEAK]
  243 0000002A                 EXPORT           TAMP_STAMP_IRQHandler          
   [WEAK]
  244 0000002A                 EXPORT           RTC_WKUP_IRQHandler            
   [WEAK]
  245 0000002A                 EXPORT           FLASH_IRQHandler               
   [WEAK]
  246 0000002A                 EXPORT           RCC_IRQHandler                 
   [WEAK]
  247 0000002A                 EXPORT           EXTI0_IRQHandler               
   [WEAK]
  248 0000002A                 EXPORT           EXTI1_IRQHandler               
   [WEAK]
  249 0000002A                 EXPORT           EXTI2_IRQHandler               
   [WEAK]
  250 0000002A                 EXPORT           EXTI3_IRQHandler               
   [WEAK]
  251 0000002A                 EXPORT           EXTI4_IRQHandler               
   [WEAK]



ARM Macro Assembler    Page 10 


  252 0000002A                 EXPORT           DMA1_Stream0_IRQHandler        
   [WEAK]
  253 0000002A                 EXPORT           DMA1_Stream1_IRQHandler        
   [WEAK]
  254 0000002A                 EXPORT           DMA1_Stream2_IRQHandler        
   [WEAK]
  255 0000002A                 EXPORT           DMA1_Stream3_IRQHandler        
   [WEAK]
  256 0000002A                 EXPORT           DMA1_Stream4_IRQHandler        
   [WEAK]
  257 0000002A                 EXPORT           DMA1_Stream5_IRQHandler        
   [WEAK]
  258 0000002A                 EXPORT           DMA1_Stream6_IRQHandler        
   [WEAK]
  259 0000002A                 EXPORT           ADC_IRQHandler                 
   [WEAK]
  260 0000002A                 EXPORT           CAN1_TX_IRQHandler             
   [WEAK]
  261 0000002A                 EXPORT           CAN1_RX0_IRQHandler            
   [WEAK]
  262 0000002A                 EXPORT           CAN1_RX1_IRQHandler            
   [WEAK]
  263 0000002A                 EXPORT           CAN1_SCE_IRQHandler            
   [WEAK]
  264 0000002A                 EXPORT           EXTI9_5_IRQHandler             
   [WEAK]
  265 0000002A                 EXPORT           TIM1_BRK_TIM9_IRQHandler       
   [WEAK]
  266 0000002A                 EXPORT           TIM1_UP_TIM10_IRQHandler       
   [WEAK]
  267 0000002A                 EXPORT           TIM1_TRG_COM_TIM11_IRQHandler  
   [WEAK]
  268 0000002A                 EXPORT           TIM1_CC_IRQHandler             
   [WEAK]
  269 0000002A                 EXPORT           TIM2_IRQHandler                
   [WEAK]
  270 0000002A                 EXPORT           TIM3_IRQHandler                
   [WEAK]
  271 0000002A                 EXPORT           TIM4_IRQHandler                
   [WEAK]
  272 0000002A                 EXPORT           I2C1_EV_IRQHandler             
   [WEAK]
  273 0000002A                 EXPORT           I2C1_ER_IRQHandler             
   [WEAK]
  274 0000002A                 EXPORT           I2C2_EV_IRQHandler             
   [WEAK]
  275 0000002A                 EXPORT           I2C2_ER_IRQHandler             
   [WEAK]
  276 0000002A                 EXPORT           SPI1_IRQHandler                
   [WEAK]
  277 0000002A                 EXPORT           SPI2_IRQHandler                
   [WEAK]
  278 0000002A                 EXPORT           USART1_IRQHandler              
   [WEAK]
  279 0000002A                 EXPORT           USART2_IRQHandler              
   [WEAK]
  280 0000002A                 EXPORT           USART3_IRQHandler              
   [WEAK]
  281 0000002A                 EXPORT           EXTI15_10_IRQHandler           



ARM Macro Assembler    Page 11 


   [WEAK]
  282 0000002A                 EXPORT           RTC_Alarm_IRQHandler           
   [WEAK]
  283 0000002A                 EXPORT           OTG_FS_WKUP_IRQHandler         
   [WEAK]
  284 0000002A                 EXPORT           TIM8_BRK_TIM12_IRQHandler      
   [WEAK]
  285 0000002A                 EXPORT           TIM8_UP_TIM13_IRQHandler       
   [WEAK]
  286 0000002A                 EXPORT           TIM8_TRG_COM_TIM14_IRQHandler  
   [WEAK]
  287 0000002A                 EXPORT           TIM8_CC_IRQHandler             
   [WEAK]
  288 0000002A                 EXPORT           DMA1_Stream7_IRQHandler        
   [WEAK]
  289 0000002A                 EXPORT           FSMC_IRQHandler                
   [WEAK]
  290 0000002A                 EXPORT           SDIO_IRQHandler                
   [WEAK]
  291 0000002A                 EXPORT           TIM5_IRQHandler                
   [WEAK]
  292 0000002A                 EXPORT           SPI3_IRQHandler                
   [WEAK]
  293 0000002A                 EXPORT           UART4_IRQHandler               
   [WEAK]
  294 0000002A                 EXPORT           UART5_IRQHandler               
   [WEAK]
  295 0000002A                 EXPORT           TIM6_DAC_IRQHandler            
   [WEAK]
  296 0000002A                 EXPORT           TIM7_IRQHandler                
   [WEAK]
  297 0000002A                 EXPORT           DMA2_Stream0_IRQHandler        
   [WEAK]
  298 0000002A                 EXPORT           DMA2_Stream1_IRQHandler        
   [WEAK]
  299 0000002A                 EXPORT           DMA2_Stream2_IRQHandler        
   [WEAK]
  300 0000002A                 EXPORT           DMA2_Stream3_IRQHandler        
   [WEAK]
  301 0000002A                 EXPORT           DMA2_Stream4_IRQHandler        
   [WEAK]
  302 0000002A                 EXPORT           ETH_IRQHandler                 
   [WEAK]
  303 0000002A                 EXPORT           ETH_WKUP_IRQHandler            
   [WEAK]
  304 0000002A                 EXPORT           CAN2_TX_IRQHandler             
   [WEAK]
  305 0000002A                 EXPORT           CAN2_RX0_IRQHandler            
   [WEAK]
  306 0000002A                 EXPORT           CAN2_RX1_IRQHandler            
   [WEAK]
  307 0000002A                 EXPORT           CAN2_SCE_IRQHandler            
   [WEAK]
  308 0000002A                 EXPORT           OTG_FS_IRQHandler              
   [WEAK]
  309 0000002A                 EXPORT           DMA2_Stream5_IRQHandler        
   [WEAK]
  310 0000002A                 EXPORT           DMA2_Stream6_IRQHandler        
   [WEAK]



ARM Macro Assembler    Page 12 


  311 0000002A                 EXPORT           DMA2_Stream7_IRQHandler        
   [WEAK]
  312 0000002A                 EXPORT           USART6_IRQHandler              
   [WEAK]
  313 0000002A                 EXPORT           I2C3_EV_IRQHandler             
   [WEAK]
  314 0000002A                 EXPORT           I2C3_ER_IRQHandler             
   [WEAK]
  315 0000002A                 EXPORT           OTG_HS_EP1_OUT_IRQHandler      
   [WEAK]
  316 0000002A                 EXPORT           OTG_HS_EP1_IN_IRQHandler       
   [WEAK]
  317 0000002A                 EXPORT           OTG_HS_WKUP_IRQHandler         
   [WEAK]
  318 0000002A                 EXPORT           OTG_HS_IRQHandler              
   [WEAK]
  319 0000002A                 EXPORT           DCMI_IRQHandler                
   [WEAK]
  320 0000002A                 EXPORT           CRYP_IRQHandler                
   [WEAK]
  321 0000002A                 EXPORT           HASH_RNG_IRQHandler            
   [WEAK]
  322 0000002A                 EXPORT           FPU_IRQHandler                 
   [WEAK]
  323 0000002A         
  324 0000002A         WWDG_IRQHandler
  325 0000002A         PVD_IRQHandler
  326 0000002A         TAMP_STAMP_IRQHandler
  327 0000002A         RTC_WKUP_IRQHandler
  328 0000002A         FLASH_IRQHandler
  329 0000002A         RCC_IRQHandler
  330 0000002A         EXTI0_IRQHandler
  331 0000002A         EXTI1_IRQHandler
  332 0000002A         EXTI2_IRQHandler
  333 0000002A         EXTI3_IRQHandler
  334 0000002A         EXTI4_IRQHandler
  335 0000002A         DMA1_Stream0_IRQHandler
  336 0000002A         DMA1_Stream1_IRQHandler
  337 0000002A         DMA1_Stream2_IRQHandler
  338 0000002A         DMA1_Stream3_IRQHandler
  339 0000002A         DMA1_Stream4_IRQHandler
  340 0000002A         DMA1_Stream5_IRQHandler
  341 0000002A         DMA1_Stream6_IRQHandler
  342 0000002A         ADC_IRQHandler
  343 0000002A         CAN1_TX_IRQHandler
  344 0000002A         CAN1_RX0_IRQHandler
  345 0000002A         CAN1_RX1_IRQHandler
  346 0000002A         CAN1_SCE_IRQHandler
  347 0000002A         EXTI9_5_IRQHandler
  348 0000002A         TIM1_BRK_TIM9_IRQHandler
  349 0000002A         TIM1_UP_TIM10_IRQHandler
  350 0000002A         TIM1_TRG_COM_TIM11_IRQHandler
  351 0000002A         TIM1_CC_IRQHandler
  352 0000002A         TIM2_IRQHandler
  353 0000002A         TIM3_IRQHandler
  354 0000002A         TIM4_IRQHandler
  355 0000002A         I2C1_EV_IRQHandler
  356 0000002A         I2C1_ER_IRQHandler
  357 0000002A         I2C2_EV_IRQHandler



ARM Macro Assembler    Page 13 


  358 0000002A         I2C2_ER_IRQHandler
  359 0000002A         SPI1_IRQHandler
  360 0000002A         SPI2_IRQHandler
  361 0000002A         USART1_IRQHandler
  362 0000002A         USART2_IRQHandler
  363 0000002A         USART3_IRQHandler
  364 0000002A         EXTI15_10_IRQHandler
  365 0000002A         RTC_Alarm_IRQHandler
  366 0000002A         OTG_FS_WKUP_IRQHandler
  367 0000002A         TIM8_BRK_TIM12_IRQHandler
  368 0000002A         TIM8_UP_TIM13_IRQHandler
  369 0000002A         TIM8_TRG_COM_TIM14_IRQHandler
  370 0000002A         TIM8_CC_IRQHandler
  371 0000002A         DMA1_Stream7_IRQHandler
  372 0000002A         FSMC_IRQHandler
  373 0000002A         SDIO_IRQHandler
  374 0000002A         TIM5_IRQHandler
  375 0000002A         SPI3_IRQHandler
  376 0000002A         UART4_IRQHandler
  377 0000002A         UART5_IRQHandler
  378 0000002A         TIM6_DAC_IRQHandler
  379 0000002A         TIM7_IRQHandler
  380 0000002A         DMA2_Stream0_IRQHandler
  381 0000002A         DMA2_Stream1_IRQHandler
  382 0000002A         DMA2_Stream2_IRQHandler
  383 0000002A         DMA2_Stream3_IRQHandler
  384 0000002A         DMA2_Stream4_IRQHandler
  385 0000002A         ETH_IRQHandler
  386 0000002A         ETH_WKUP_IRQHandler
  387 0000002A         CAN2_TX_IRQHandler
  388 0000002A         CAN2_RX0_IRQHandler
  389 0000002A         CAN2_RX1_IRQHandler
  390 0000002A         CAN2_SCE_IRQHandler
  391 0000002A         OTG_FS_IRQHandler
  392 0000002A         DMA2_Stream5_IRQHandler
  393 0000002A         DMA2_Stream6_IRQHandler
  394 0000002A         DMA2_Stream7_IRQHandler
  395 0000002A         USART6_IRQHandler
  396 0000002A         I2C3_EV_IRQHandler
  397 0000002A         I2C3_ER_IRQHandler
  398 0000002A         OTG_HS_EP1_OUT_IRQHandler
  399 0000002A         OTG_HS_EP1_IN_IRQHandler
  400 0000002A         OTG_HS_WKUP_IRQHandler
  401 0000002A         OTG_HS_IRQHandler
  402 0000002A         DCMI_IRQHandler
  403 0000002A         CRYP_IRQHandler
  404 0000002A         HASH_RNG_IRQHandler
  405 0000002A         FPU_IRQHandler
  406 0000002A         
  407 0000002A E7FE            B                .
  408 0000002C         
  409 0000002C                 ENDP
  410 0000002C         
  411 0000002C                 ALIGN
  412 0000002C         
  413 0000002C         ;*******************************************************
                       ************************
  414 0000002C         ; User Stack and Heap initialization
  415 0000002C         ;*******************************************************



ARM Macro Assembler    Page 14 


                       ************************
  416 0000002C                 IF               :DEF:__MICROLIB
  417 0000002C         
  418 0000002C                 EXPORT           __initial_sp
  419 0000002C                 EXPORT           __heap_base
  420 0000002C                 EXPORT           __heap_limit
  421 0000002C         
  422 0000002C                 ELSE
  437                          ENDIF
  438 0000002C         
  439 0000002C                 END
              E000ED88 
              00000000 
Command Line: --debug --xref --diag_suppress=9931 --cpu=Cortex-M4.fp --apcs=int
erwork --depend=.\object\startup_stm32f40_41xxx.d -o.\object\startup_stm32f40_4
1xxx.o -I"C:\Users\rchaga2\Downloads\Microprocessor-Fall-2015-master\Lab1\Lab 1
 Base Project\RTE" -I"C:\Users\rchaga2\Downloads\Microprocessor-Fall-2015-maste
r\Lab1\Lab 1 Base Project\RTE\Device\STM32F407VG" -IC:\Keil_v5\ARM\PACK\ARM\CMS
IS\4.4.0\CMSIS\Include -IC:\Keil_v5\ARM\PACK\Keil\STM32F4xx_DFP\1.0.8\Device\In
clude --predefine="__MICROLIB SETA 1" --predefine="__UVISION_VERSION SETA 515" 
--predefine="_RTE_ SETA 1" --predefine="STM32F40_41xxx SETA 1" --list=.\listing
s\startup_stm32f40_41xxx.lst RTE\Device\STM32F407VG\startup_stm32f40_41xxx.s



ARM Macro Assembler    Page 1 Alphabetic symbol ordering
Relocatable symbols

STACK 00000000

Symbol: STACK
   Definitions
      At line 43 in file RTE\Device\STM32F407VG\startup_stm32f40_41xxx.s
   Uses
      None
Comment: STACK unused
Stack_Mem 00000000

Symbol: Stack_Mem
   Definitions
      At line 44 in file RTE\Device\STM32F407VG\startup_stm32f40_41xxx.s
   Uses
      None
Comment: Stack_Mem unused
__initial_sp 00000400

Symbol: __initial_sp
   Definitions
      At line 45 in file RTE\Device\STM32F407VG\startup_stm32f40_41xxx.s
   Uses
      At line 69 in file RTE\Device\STM32F407VG\startup_stm32f40_41xxx.s
      At line 418 in file RTE\Device\STM32F407VG\startup_stm32f40_41xxx.s

3 symbols



ARM Macro Assembler    Page 1 Alphabetic symbol ordering
Relocatable symbols

HEAP 00000000

Symbol: HEAP
   Definitions
      At line 54 in file RTE\Device\STM32F407VG\startup_stm32f40_41xxx.s
   Uses
      None
Comment: HEAP unused
Heap_Mem 00000000

Symbol: Heap_Mem
   Definitions
      At line 56 in file RTE\Device\STM32F407VG\startup_stm32f40_41xxx.s
   Uses
      None
Comment: Heap_Mem unused
__heap_base 00000000

Symbol: __heap_base
   Definitions
      At line 55 in file RTE\Device\STM32F407VG\startup_stm32f40_41xxx.s
   Uses
      At line 419 in file RTE\Device\STM32F407VG\startup_stm32f40_41xxx.s
Comment: __heap_base used once
__heap_limit 00000200

Symbol: __heap_limit
   Definitions
      At line 57 in file RTE\Device\STM32F407VG\startup_stm32f40_41xxx.s
   Uses
      At line 420 in file RTE\Device\STM32F407VG\startup_stm32f40_41xxx.s
Comment: __heap_limit used once
4 symbols



ARM Macro Assembler    Page 1 Alphabetic symbol ordering
Relocatable symbols

RESET 00000000

Symbol: RESET
   Definitions
      At line 64 in file RTE\Device\STM32F407VG\startup_stm32f40_41xxx.s
   Uses
      None
Comment: RESET unused
__Vectors 00000000

Symbol: __Vectors
   Definitions
      At line 69 in file RTE\Device\STM32F407VG\startup_stm32f40_41xxx.s
   Uses
      At line 65 in file RTE\Device\STM32F407VG\startup_stm32f40_41xxx.s
      At line 172 in file RTE\Device\STM32F407VG\startup_stm32f40_41xxx.s

__Vectors_End 00000188

Symbol: __Vectors_End
   Definitions
      At line 170 in file RTE\Device\STM32F407VG\startup_stm32f40_41xxx.s
   Uses
      At line 66 in file RTE\Device\STM32F407VG\startup_stm32f40_41xxx.s
      At line 172 in file RTE\Device\STM32F407VG\startup_stm32f40_41xxx.s

3 symbols



ARM Macro Assembler    Page 1 Alphabetic symbol ordering
Relocatable symbols

.text 00000000

Symbol: .text
   Definitions
      At line 174 in file RTE\Device\STM32F407VG\startup_stm32f40_41xxx.s
   Uses
      None
Comment: .text unused
ADC_IRQHandler 0000002A

Symbol: ADC_IRQHandler
   Definitions
      At line 342 in file RTE\Device\STM32F407VG\startup_stm32f40_41xxx.s
   Uses
      At line 105 in file RTE\Device\STM32F407VG\startup_stm32f40_41xxx.s
      At line 259 in file RTE\Device\STM32F407VG\startup_stm32f40_41xxx.s

BusFault_Handler 0000001E

Symbol: BusFault_Handler
   Definitions
      At line 212 in file RTE\Device\STM32F407VG\startup_stm32f40_41xxx.s
   Uses
      At line 74 in file RTE\Device\STM32F407VG\startup_stm32f40_41xxx.s
      At line 213 in file RTE\Device\STM32F407VG\startup_stm32f40_41xxx.s

CAN1_RX0_IRQHandler 0000002A

Symbol: CAN1_RX0_IRQHandler
   Definitions
      At line 344 in file RTE\Device\STM32F407VG\startup_stm32f40_41xxx.s
   Uses
      At line 107 in file RTE\Device\STM32F407VG\startup_stm32f40_41xxx.s
      At line 261 in file RTE\Device\STM32F407VG\startup_stm32f40_41xxx.s

CAN1_RX1_IRQHandler 0000002A

Symbol: CAN1_RX1_IRQHandler
   Definitions
      At line 345 in file RTE\Device\STM32F407VG\startup_stm32f40_41xxx.s
   Uses
      At line 108 in file RTE\Device\STM32F407VG\startup_stm32f40_41xxx.s
      At line 262 in file RTE\Device\STM32F407VG\startup_stm32f40_41xxx.s

CAN1_SCE_IRQHandler 0000002A

Symbol: CAN1_SCE_IRQHandler
   Definitions
      At line 346 in file RTE\Device\STM32F407VG\startup_stm32f40_41xxx.s
   Uses
      At line 109 in file RTE\Device\STM32F407VG\startup_stm32f40_41xxx.s
      At line 263 in file RTE\Device\STM32F407VG\startup_stm32f40_41xxx.s

CAN1_TX_IRQHandler 0000002A

Symbol: CAN1_TX_IRQHandler
   Definitions
      At line 343 in file RTE\Device\STM32F407VG\startup_stm32f40_41xxx.s
   Uses



ARM Macro Assembler    Page 2 Alphabetic symbol ordering
Relocatable symbols

      At line 106 in file RTE\Device\STM32F407VG\startup_stm32f40_41xxx.s
      At line 260 in file RTE\Device\STM32F407VG\startup_stm32f40_41xxx.s

CAN2_RX0_IRQHandler 0000002A

Symbol: CAN2_RX0_IRQHandler
   Definitions
      At line 388 in file RTE\Device\STM32F407VG\startup_stm32f40_41xxx.s
   Uses
      At line 151 in file RTE\Device\STM32F407VG\startup_stm32f40_41xxx.s
      At line 305 in file RTE\Device\STM32F407VG\startup_stm32f40_41xxx.s

CAN2_RX1_IRQHandler 0000002A

Symbol: CAN2_RX1_IRQHandler
   Definitions
      At line 389 in file RTE\Device\STM32F407VG\startup_stm32f40_41xxx.s
   Uses
      At line 152 in file RTE\Device\STM32F407VG\startup_stm32f40_41xxx.s
      At line 306 in file RTE\Device\STM32F407VG\startup_stm32f40_41xxx.s

CAN2_SCE_IRQHandler 0000002A

Symbol: CAN2_SCE_IRQHandler
   Definitions
      At line 390 in file RTE\Device\STM32F407VG\startup_stm32f40_41xxx.s
   Uses
      At line 153 in file RTE\Device\STM32F407VG\startup_stm32f40_41xxx.s
      At line 307 in file RTE\Device\STM32F407VG\startup_stm32f40_41xxx.s

CAN2_TX_IRQHandler 0000002A

Symbol: CAN2_TX_IRQHandler
   Definitions
      At line 387 in file RTE\Device\STM32F407VG\startup_stm32f40_41xxx.s
   Uses
      At line 150 in file RTE\Device\STM32F407VG\startup_stm32f40_41xxx.s
      At line 304 in file RTE\Device\STM32F407VG\startup_stm32f40_41xxx.s

CRYP_IRQHandler 0000002A

Symbol: CRYP_IRQHandler
   Definitions
      At line 403 in file RTE\Device\STM32F407VG\startup_stm32f40_41xxx.s
   Uses
      At line 166 in file RTE\Device\STM32F407VG\startup_stm32f40_41xxx.s
      At line 320 in file RTE\Device\STM32F407VG\startup_stm32f40_41xxx.s

DCMI_IRQHandler 0000002A

Symbol: DCMI_IRQHandler
   Definitions
      At line 402 in file RTE\Device\STM32F407VG\startup_stm32f40_41xxx.s
   Uses
      At line 165 in file RTE\Device\STM32F407VG\startup_stm32f40_41xxx.s
      At line 319 in file RTE\Device\STM32F407VG\startup_stm32f40_41xxx.s

DMA1_Stream0_IRQHandler 0000002A




ARM Macro Assembler    Page 3 Alphabetic symbol ordering
Relocatable symbols

Symbol: DMA1_Stream0_IRQHandler
   Definitions
      At line 335 in file RTE\Device\STM32F407VG\startup_stm32f40_41xxx.s
   Uses
      At line 98 in file RTE\Device\STM32F407VG\startup_stm32f40_41xxx.s
      At line 252 in file RTE\Device\STM32F407VG\startup_stm32f40_41xxx.s

DMA1_Stream1_IRQHandler 0000002A

Symbol: DMA1_Stream1_IRQHandler
   Definitions
      At line 336 in file RTE\Device\STM32F407VG\startup_stm32f40_41xxx.s
   Uses
      At line 99 in file RTE\Device\STM32F407VG\startup_stm32f40_41xxx.s
      At line 253 in file RTE\Device\STM32F407VG\startup_stm32f40_41xxx.s

DMA1_Stream2_IRQHandler 0000002A

Symbol: DMA1_Stream2_IRQHandler
   Definitions
      At line 337 in file RTE\Device\STM32F407VG\startup_stm32f40_41xxx.s
   Uses
      At line 100 in file RTE\Device\STM32F407VG\startup_stm32f40_41xxx.s
      At line 254 in file RTE\Device\STM32F407VG\startup_stm32f40_41xxx.s

DMA1_Stream3_IRQHandler 0000002A

Symbol: DMA1_Stream3_IRQHandler
   Definitions
      At line 338 in file RTE\Device\STM32F407VG\startup_stm32f40_41xxx.s
   Uses
      At line 101 in file RTE\Device\STM32F407VG\startup_stm32f40_41xxx.s
      At line 255 in file RTE\Device\STM32F407VG\startup_stm32f40_41xxx.s

DMA1_Stream4_IRQHandler 0000002A

Symbol: DMA1_Stream4_IRQHandler
   Definitions
      At line 339 in file RTE\Device\STM32F407VG\startup_stm32f40_41xxx.s
   Uses
      At line 102 in file RTE\Device\STM32F407VG\startup_stm32f40_41xxx.s
      At line 256 in file RTE\Device\STM32F407VG\startup_stm32f40_41xxx.s

DMA1_Stream5_IRQHandler 0000002A

Symbol: DMA1_Stream5_IRQHandler
   Definitions
      At line 340 in file RTE\Device\STM32F407VG\startup_stm32f40_41xxx.s
   Uses
      At line 103 in file RTE\Device\STM32F407VG\startup_stm32f40_41xxx.s
      At line 257 in file RTE\Device\STM32F407VG\startup_stm32f40_41xxx.s

DMA1_Stream6_IRQHandler 0000002A

Symbol: DMA1_Stream6_IRQHandler
   Definitions
      At line 341 in file RTE\Device\STM32F407VG\startup_stm32f40_41xxx.s
   Uses
      At line 104 in file RTE\Device\STM32F407VG\startup_stm32f40_41xxx.s



ARM Macro Assembler    Page 4 Alphabetic symbol ordering
Relocatable symbols

      At line 258 in file RTE\Device\STM32F407VG\startup_stm32f40_41xxx.s

DMA1_Stream7_IRQHandler 0000002A

Symbol: DMA1_Stream7_IRQHandler
   Definitions
      At line 371 in file RTE\Device\STM32F407VG\startup_stm32f40_41xxx.s
   Uses
      At line 134 in file RTE\Device\STM32F407VG\startup_stm32f40_41xxx.s
      At line 288 in file RTE\Device\STM32F407VG\startup_stm32f40_41xxx.s

DMA2_Stream0_IRQHandler 0000002A

Symbol: DMA2_Stream0_IRQHandler
   Definitions
      At line 380 in file RTE\Device\STM32F407VG\startup_stm32f40_41xxx.s
   Uses
      At line 143 in file RTE\Device\STM32F407VG\startup_stm32f40_41xxx.s
      At line 297 in file RTE\Device\STM32F407VG\startup_stm32f40_41xxx.s

DMA2_Stream1_IRQHandler 0000002A

Symbol: DMA2_Stream1_IRQHandler
   Definitions
      At line 381 in file RTE\Device\STM32F407VG\startup_stm32f40_41xxx.s
   Uses
      At line 144 in file RTE\Device\STM32F407VG\startup_stm32f40_41xxx.s
      At line 298 in file RTE\Device\STM32F407VG\startup_stm32f40_41xxx.s

DMA2_Stream2_IRQHandler 0000002A

Symbol: DMA2_Stream2_IRQHandler
   Definitions
      At line 382 in file RTE\Device\STM32F407VG\startup_stm32f40_41xxx.s
   Uses
      At line 145 in file RTE\Device\STM32F407VG\startup_stm32f40_41xxx.s
      At line 299 in file RTE\Device\STM32F407VG\startup_stm32f40_41xxx.s

DMA2_Stream3_IRQHandler 0000002A

Symbol: DMA2_Stream3_IRQHandler
   Definitions
      At line 383 in file RTE\Device\STM32F407VG\startup_stm32f40_41xxx.s
   Uses
      At line 146 in file RTE\Device\STM32F407VG\startup_stm32f40_41xxx.s
      At line 300 in file RTE\Device\STM32F407VG\startup_stm32f40_41xxx.s

DMA2_Stream4_IRQHandler 0000002A

Symbol: DMA2_Stream4_IRQHandler
   Definitions
      At line 384 in file RTE\Device\STM32F407VG\startup_stm32f40_41xxx.s
   Uses
      At line 147 in file RTE\Device\STM32F407VG\startup_stm32f40_41xxx.s
      At line 301 in file RTE\Device\STM32F407VG\startup_stm32f40_41xxx.s

DMA2_Stream5_IRQHandler 0000002A

Symbol: DMA2_Stream5_IRQHandler



ARM Macro Assembler    Page 5 Alphabetic symbol ordering
Relocatable symbols

   Definitions
      At line 392 in file RTE\Device\STM32F407VG\startup_stm32f40_41xxx.s
   Uses
      At line 155 in file RTE\Device\STM32F407VG\startup_stm32f40_41xxx.s
      At line 309 in file RTE\Device\STM32F407VG\startup_stm32f40_41xxx.s

DMA2_Stream6_IRQHandler 0000002A

Symbol: DMA2_Stream6_IRQHandler
   Definitions
      At line 393 in file RTE\Device\STM32F407VG\startup_stm32f40_41xxx.s
   Uses
      At line 156 in file RTE\Device\STM32F407VG\startup_stm32f40_41xxx.s
      At line 310 in file RTE\Device\STM32F407VG\startup_stm32f40_41xxx.s

DMA2_Stream7_IRQHandler 0000002A

Symbol: DMA2_Stream7_IRQHandler
   Definitions
      At line 394 in file RTE\Device\STM32F407VG\startup_stm32f40_41xxx.s
   Uses
      At line 157 in file RTE\Device\STM32F407VG\startup_stm32f40_41xxx.s
      At line 311 in file RTE\Device\STM32F407VG\startup_stm32f40_41xxx.s

DebugMon_Handler 00000024

Symbol: DebugMon_Handler
   Definitions
      At line 226 in file RTE\Device\STM32F407VG\startup_stm32f40_41xxx.s
   Uses
      At line 81 in file RTE\Device\STM32F407VG\startup_stm32f40_41xxx.s
      At line 227 in file RTE\Device\STM32F407VG\startup_stm32f40_41xxx.s

Default_Handler 0000002A

Symbol: Default_Handler
   Definitions
      At line 239 in file RTE\Device\STM32F407VG\startup_stm32f40_41xxx.s
   Uses
      None
Comment: Default_Handler unused
ETH_IRQHandler 0000002A

Symbol: ETH_IRQHandler
   Definitions
      At line 385 in file RTE\Device\STM32F407VG\startup_stm32f40_41xxx.s
   Uses
      At line 148 in file RTE\Device\STM32F407VG\startup_stm32f40_41xxx.s
      At line 302 in file RTE\Device\STM32F407VG\startup_stm32f40_41xxx.s

ETH_WKUP_IRQHandler 0000002A

Symbol: ETH_WKUP_IRQHandler
   Definitions
      At line 386 in file RTE\Device\STM32F407VG\startup_stm32f40_41xxx.s
   Uses
      At line 149 in file RTE\Device\STM32F407VG\startup_stm32f40_41xxx.s
      At line 303 in file RTE\Device\STM32F407VG\startup_stm32f40_41xxx.s




ARM Macro Assembler    Page 6 Alphabetic symbol ordering
Relocatable symbols

EXTI0_IRQHandler 0000002A

Symbol: EXTI0_IRQHandler
   Definitions
      At line 330 in file RTE\Device\STM32F407VG\startup_stm32f40_41xxx.s
   Uses
      At line 93 in file RTE\Device\STM32F407VG\startup_stm32f40_41xxx.s
      At line 247 in file RTE\Device\STM32F407VG\startup_stm32f40_41xxx.s

EXTI15_10_IRQHandler 0000002A

Symbol: EXTI15_10_IRQHandler
   Definitions
      At line 364 in file RTE\Device\STM32F407VG\startup_stm32f40_41xxx.s
   Uses
      At line 127 in file RTE\Device\STM32F407VG\startup_stm32f40_41xxx.s
      At line 281 in file RTE\Device\STM32F407VG\startup_stm32f40_41xxx.s

EXTI1_IRQHandler 0000002A

Symbol: EXTI1_IRQHandler
   Definitions
      At line 331 in file RTE\Device\STM32F407VG\startup_stm32f40_41xxx.s
   Uses
      At line 94 in file RTE\Device\STM32F407VG\startup_stm32f40_41xxx.s
      At line 248 in file RTE\Device\STM32F407VG\startup_stm32f40_41xxx.s

EXTI2_IRQHandler 0000002A

Symbol: EXTI2_IRQHandler
   Definitions
      At line 332 in file RTE\Device\STM32F407VG\startup_stm32f40_41xxx.s
   Uses
      At line 95 in file RTE\Device\STM32F407VG\startup_stm32f40_41xxx.s
      At line 249 in file RTE\Device\STM32F407VG\startup_stm32f40_41xxx.s

EXTI3_IRQHandler 0000002A

Symbol: EXTI3_IRQHandler
   Definitions
      At line 333 in file RTE\Device\STM32F407VG\startup_stm32f40_41xxx.s
   Uses
      At line 96 in file RTE\Device\STM32F407VG\startup_stm32f40_41xxx.s
      At line 250 in file RTE\Device\STM32F407VG\startup_stm32f40_41xxx.s

EXTI4_IRQHandler 0000002A

Symbol: EXTI4_IRQHandler
   Definitions
      At line 334 in file RTE\Device\STM32F407VG\startup_stm32f40_41xxx.s
   Uses
      At line 97 in file RTE\Device\STM32F407VG\startup_stm32f40_41xxx.s
      At line 251 in file RTE\Device\STM32F407VG\startup_stm32f40_41xxx.s

EXTI9_5_IRQHandler 0000002A

Symbol: EXTI9_5_IRQHandler
   Definitions
      At line 347 in file RTE\Device\STM32F407VG\startup_stm32f40_41xxx.s



ARM Macro Assembler    Page 7 Alphabetic symbol ordering
Relocatable symbols

   Uses
      At line 110 in file RTE\Device\STM32F407VG\startup_stm32f40_41xxx.s
      At line 264 in file RTE\Device\STM32F407VG\startup_stm32f40_41xxx.s

FLASH_IRQHandler 0000002A

Symbol: FLASH_IRQHandler
   Definitions
      At line 328 in file RTE\Device\STM32F407VG\startup_stm32f40_41xxx.s
   Uses
      At line 91 in file RTE\Device\STM32F407VG\startup_stm32f40_41xxx.s
      At line 245 in file RTE\Device\STM32F407VG\startup_stm32f40_41xxx.s

FPU_IRQHandler 0000002A

Symbol: FPU_IRQHandler
   Definitions
      At line 405 in file RTE\Device\STM32F407VG\startup_stm32f40_41xxx.s
   Uses
      At line 168 in file RTE\Device\STM32F407VG\startup_stm32f40_41xxx.s
      At line 322 in file RTE\Device\STM32F407VG\startup_stm32f40_41xxx.s

FSMC_IRQHandler 0000002A

Symbol: FSMC_IRQHandler
   Definitions
      At line 372 in file RTE\Device\STM32F407VG\startup_stm32f40_41xxx.s
   Uses
      At line 135 in file RTE\Device\STM32F407VG\startup_stm32f40_41xxx.s
      At line 289 in file RTE\Device\STM32F407VG\startup_stm32f40_41xxx.s

HASH_RNG_IRQHandler 0000002A

Symbol: HASH_RNG_IRQHandler
   Definitions
      At line 404 in file RTE\Device\STM32F407VG\startup_stm32f40_41xxx.s
   Uses
      At line 167 in file RTE\Device\STM32F407VG\startup_stm32f40_41xxx.s
      At line 321 in file RTE\Device\STM32F407VG\startup_stm32f40_41xxx.s

HardFault_Handler 0000001A

Symbol: HardFault_Handler
   Definitions
      At line 202 in file RTE\Device\STM32F407VG\startup_stm32f40_41xxx.s
   Uses
      At line 72 in file RTE\Device\STM32F407VG\startup_stm32f40_41xxx.s
      At line 203 in file RTE\Device\STM32F407VG\startup_stm32f40_41xxx.s

I2C1_ER_IRQHandler 0000002A

Symbol: I2C1_ER_IRQHandler
   Definitions
      At line 356 in file RTE\Device\STM32F407VG\startup_stm32f40_41xxx.s
   Uses
      At line 119 in file RTE\Device\STM32F407VG\startup_stm32f40_41xxx.s
      At line 273 in file RTE\Device\STM32F407VG\startup_stm32f40_41xxx.s

I2C1_EV_IRQHandler 0000002A



ARM Macro Assembler    Page 8 Alphabetic symbol ordering
Relocatable symbols


Symbol: I2C1_EV_IRQHandler
   Definitions
      At line 355 in file RTE\Device\STM32F407VG\startup_stm32f40_41xxx.s
   Uses
      At line 118 in file RTE\Device\STM32F407VG\startup_stm32f40_41xxx.s
      At line 272 in file RTE\Device\STM32F407VG\startup_stm32f40_41xxx.s

I2C2_ER_IRQHandler 0000002A

Symbol: I2C2_ER_IRQHandler
   Definitions
      At line 358 in file RTE\Device\STM32F407VG\startup_stm32f40_41xxx.s
   Uses
      At line 121 in file RTE\Device\STM32F407VG\startup_stm32f40_41xxx.s
      At line 275 in file RTE\Device\STM32F407VG\startup_stm32f40_41xxx.s

I2C2_EV_IRQHandler 0000002A

Symbol: I2C2_EV_IRQHandler
   Definitions
      At line 357 in file RTE\Device\STM32F407VG\startup_stm32f40_41xxx.s
   Uses
      At line 120 in file RTE\Device\STM32F407VG\startup_stm32f40_41xxx.s
      At line 274 in file RTE\Device\STM32F407VG\startup_stm32f40_41xxx.s

I2C3_ER_IRQHandler 0000002A

Symbol: I2C3_ER_IRQHandler
   Definitions
      At line 397 in file RTE\Device\STM32F407VG\startup_stm32f40_41xxx.s
   Uses
      At line 160 in file RTE\Device\STM32F407VG\startup_stm32f40_41xxx.s
      At line 314 in file RTE\Device\STM32F407VG\startup_stm32f40_41xxx.s

I2C3_EV_IRQHandler 0000002A

Symbol: I2C3_EV_IRQHandler
   Definitions
      At line 396 in file RTE\Device\STM32F407VG\startup_stm32f40_41xxx.s
   Uses
      At line 159 in file RTE\Device\STM32F407VG\startup_stm32f40_41xxx.s
      At line 313 in file RTE\Device\STM32F407VG\startup_stm32f40_41xxx.s

MemManage_Handler 0000001C

Symbol: MemManage_Handler
   Definitions
      At line 207 in file RTE\Device\STM32F407VG\startup_stm32f40_41xxx.s
   Uses
      At line 73 in file RTE\Device\STM32F407VG\startup_stm32f40_41xxx.s
      At line 208 in file RTE\Device\STM32F407VG\startup_stm32f40_41xxx.s

NMI_Handler 00000018

Symbol: NMI_Handler
   Definitions
      At line 197 in file RTE\Device\STM32F407VG\startup_stm32f40_41xxx.s
   Uses



ARM Macro Assembler    Page 9 Alphabetic symbol ordering
Relocatable symbols

      At line 71 in file RTE\Device\STM32F407VG\startup_stm32f40_41xxx.s
      At line 198 in file RTE\Device\STM32F407VG\startup_stm32f40_41xxx.s

OTG_FS_IRQHandler 0000002A

Symbol: OTG_FS_IRQHandler
   Definitions
      At line 391 in file RTE\Device\STM32F407VG\startup_stm32f40_41xxx.s
   Uses
      At line 154 in file RTE\Device\STM32F407VG\startup_stm32f40_41xxx.s
      At line 308 in file RTE\Device\STM32F407VG\startup_stm32f40_41xxx.s

OTG_FS_WKUP_IRQHandler 0000002A

Symbol: OTG_FS_WKUP_IRQHandler
   Definitions
      At line 366 in file RTE\Device\STM32F407VG\startup_stm32f40_41xxx.s
   Uses
      At line 129 in file RTE\Device\STM32F407VG\startup_stm32f40_41xxx.s
      At line 283 in file RTE\Device\STM32F407VG\startup_stm32f40_41xxx.s

OTG_HS_EP1_IN_IRQHandler 0000002A

Symbol: OTG_HS_EP1_IN_IRQHandler
   Definitions
      At line 399 in file RTE\Device\STM32F407VG\startup_stm32f40_41xxx.s
   Uses
      At line 162 in file RTE\Device\STM32F407VG\startup_stm32f40_41xxx.s
      At line 316 in file RTE\Device\STM32F407VG\startup_stm32f40_41xxx.s

OTG_HS_EP1_OUT_IRQHandler 0000002A

Symbol: OTG_HS_EP1_OUT_IRQHandler
   Definitions
      At line 398 in file RTE\Device\STM32F407VG\startup_stm32f40_41xxx.s
   Uses
      At line 161 in file RTE\Device\STM32F407VG\startup_stm32f40_41xxx.s
      At line 315 in file RTE\Device\STM32F407VG\startup_stm32f40_41xxx.s

OTG_HS_IRQHandler 0000002A

Symbol: OTG_HS_IRQHandler
   Definitions
      At line 401 in file RTE\Device\STM32F407VG\startup_stm32f40_41xxx.s
   Uses
      At line 164 in file RTE\Device\STM32F407VG\startup_stm32f40_41xxx.s
      At line 318 in file RTE\Device\STM32F407VG\startup_stm32f40_41xxx.s

OTG_HS_WKUP_IRQHandler 0000002A

Symbol: OTG_HS_WKUP_IRQHandler
   Definitions
      At line 400 in file RTE\Device\STM32F407VG\startup_stm32f40_41xxx.s
   Uses
      At line 163 in file RTE\Device\STM32F407VG\startup_stm32f40_41xxx.s
      At line 317 in file RTE\Device\STM32F407VG\startup_stm32f40_41xxx.s

PVD_IRQHandler 0000002A




ARM Macro Assembler    Page 10 Alphabetic symbol ordering
Relocatable symbols

Symbol: PVD_IRQHandler
   Definitions
      At line 325 in file RTE\Device\STM32F407VG\startup_stm32f40_41xxx.s
   Uses
      At line 88 in file RTE\Device\STM32F407VG\startup_stm32f40_41xxx.s
      At line 242 in file RTE\Device\STM32F407VG\startup_stm32f40_41xxx.s

PendSV_Handler 00000026

Symbol: PendSV_Handler
   Definitions
      At line 230 in file RTE\Device\STM32F407VG\startup_stm32f40_41xxx.s
   Uses
      At line 83 in file RTE\Device\STM32F407VG\startup_stm32f40_41xxx.s
      At line 231 in file RTE\Device\STM32F407VG\startup_stm32f40_41xxx.s

RCC_IRQHandler 0000002A

Symbol: RCC_IRQHandler
   Definitions
      At line 329 in file RTE\Device\STM32F407VG\startup_stm32f40_41xxx.s
   Uses
      At line 92 in file RTE\Device\STM32F407VG\startup_stm32f40_41xxx.s
      At line 246 in file RTE\Device\STM32F407VG\startup_stm32f40_41xxx.s

RTC_Alarm_IRQHandler 0000002A

Symbol: RTC_Alarm_IRQHandler
   Definitions
      At line 365 in file RTE\Device\STM32F407VG\startup_stm32f40_41xxx.s
   Uses
      At line 128 in file RTE\Device\STM32F407VG\startup_stm32f40_41xxx.s
      At line 282 in file RTE\Device\STM32F407VG\startup_stm32f40_41xxx.s

RTC_WKUP_IRQHandler 0000002A

Symbol: RTC_WKUP_IRQHandler
   Definitions
      At line 327 in file RTE\Device\STM32F407VG\startup_stm32f40_41xxx.s
   Uses
      At line 90 in file RTE\Device\STM32F407VG\startup_stm32f40_41xxx.s
      At line 244 in file RTE\Device\STM32F407VG\startup_stm32f40_41xxx.s

Reset_Handler 00000000

Symbol: Reset_Handler
   Definitions
      At line 177 in file RTE\Device\STM32F407VG\startup_stm32f40_41xxx.s
   Uses
      At line 70 in file RTE\Device\STM32F407VG\startup_stm32f40_41xxx.s
      At line 178 in file RTE\Device\STM32F407VG\startup_stm32f40_41xxx.s

SDIO_IRQHandler 0000002A

Symbol: SDIO_IRQHandler
   Definitions
      At line 373 in file RTE\Device\STM32F407VG\startup_stm32f40_41xxx.s
   Uses
      At line 136 in file RTE\Device\STM32F407VG\startup_stm32f40_41xxx.s



ARM Macro Assembler    Page 11 Alphabetic symbol ordering
Relocatable symbols

      At line 290 in file RTE\Device\STM32F407VG\startup_stm32f40_41xxx.s

SPI1_IRQHandler 0000002A

Symbol: SPI1_IRQHandler
   Definitions
      At line 359 in file RTE\Device\STM32F407VG\startup_stm32f40_41xxx.s
   Uses
      At line 122 in file RTE\Device\STM32F407VG\startup_stm32f40_41xxx.s
      At line 276 in file RTE\Device\STM32F407VG\startup_stm32f40_41xxx.s

SPI2_IRQHandler 0000002A

Symbol: SPI2_IRQHandler
   Definitions
      At line 360 in file RTE\Device\STM32F407VG\startup_stm32f40_41xxx.s
   Uses
      At line 123 in file RTE\Device\STM32F407VG\startup_stm32f40_41xxx.s
      At line 277 in file RTE\Device\STM32F407VG\startup_stm32f40_41xxx.s

SPI3_IRQHandler 0000002A

Symbol: SPI3_IRQHandler
   Definitions
      At line 375 in file RTE\Device\STM32F407VG\startup_stm32f40_41xxx.s
   Uses
      At line 138 in file RTE\Device\STM32F407VG\startup_stm32f40_41xxx.s
      At line 292 in file RTE\Device\STM32F407VG\startup_stm32f40_41xxx.s

SVC_Handler 00000022

Symbol: SVC_Handler
   Definitions
      At line 221 in file RTE\Device\STM32F407VG\startup_stm32f40_41xxx.s
   Uses
      At line 80 in file RTE\Device\STM32F407VG\startup_stm32f40_41xxx.s
      At line 222 in file RTE\Device\STM32F407VG\startup_stm32f40_41xxx.s

SysTick_Handler 00000028

Symbol: SysTick_Handler
   Definitions
      At line 234 in file RTE\Device\STM32F407VG\startup_stm32f40_41xxx.s
   Uses
      At line 84 in file RTE\Device\STM32F407VG\startup_stm32f40_41xxx.s
      At line 235 in file RTE\Device\STM32F407VG\startup_stm32f40_41xxx.s

TAMP_STAMP_IRQHandler 0000002A

Symbol: TAMP_STAMP_IRQHandler
   Definitions
      At line 326 in file RTE\Device\STM32F407VG\startup_stm32f40_41xxx.s
   Uses
      At line 89 in file RTE\Device\STM32F407VG\startup_stm32f40_41xxx.s
      At line 243 in file RTE\Device\STM32F407VG\startup_stm32f40_41xxx.s

TIM1_BRK_TIM9_IRQHandler 0000002A

Symbol: TIM1_BRK_TIM9_IRQHandler



ARM Macro Assembler    Page 12 Alphabetic symbol ordering
Relocatable symbols

   Definitions
      At line 348 in file RTE\Device\STM32F407VG\startup_stm32f40_41xxx.s
   Uses
      At line 111 in file RTE\Device\STM32F407VG\startup_stm32f40_41xxx.s
      At line 265 in file RTE\Device\STM32F407VG\startup_stm32f40_41xxx.s

TIM1_CC_IRQHandler 0000002A

Symbol: TIM1_CC_IRQHandler
   Definitions
      At line 351 in file RTE\Device\STM32F407VG\startup_stm32f40_41xxx.s
   Uses
      At line 114 in file RTE\Device\STM32F407VG\startup_stm32f40_41xxx.s
      At line 268 in file RTE\Device\STM32F407VG\startup_stm32f40_41xxx.s

TIM1_TRG_COM_TIM11_IRQHandler 0000002A

Symbol: TIM1_TRG_COM_TIM11_IRQHandler
   Definitions
      At line 350 in file RTE\Device\STM32F407VG\startup_stm32f40_41xxx.s
   Uses
      At line 113 in file RTE\Device\STM32F407VG\startup_stm32f40_41xxx.s
      At line 267 in file RTE\Device\STM32F407VG\startup_stm32f40_41xxx.s

TIM1_UP_TIM10_IRQHandler 0000002A

Symbol: TIM1_UP_TIM10_IRQHandler
   Definitions
      At line 349 in file RTE\Device\STM32F407VG\startup_stm32f40_41xxx.s
   Uses
      At line 112 in file RTE\Device\STM32F407VG\startup_stm32f40_41xxx.s
      At line 266 in file RTE\Device\STM32F407VG\startup_stm32f40_41xxx.s

TIM2_IRQHandler 0000002A

Symbol: TIM2_IRQHandler
   Definitions
      At line 352 in file RTE\Device\STM32F407VG\startup_stm32f40_41xxx.s
   Uses
      At line 115 in file RTE\Device\STM32F407VG\startup_stm32f40_41xxx.s
      At line 269 in file RTE\Device\STM32F407VG\startup_stm32f40_41xxx.s

TIM3_IRQHandler 0000002A

Symbol: TIM3_IRQHandler
   Definitions
      At line 353 in file RTE\Device\STM32F407VG\startup_stm32f40_41xxx.s
   Uses
      At line 116 in file RTE\Device\STM32F407VG\startup_stm32f40_41xxx.s
      At line 270 in file RTE\Device\STM32F407VG\startup_stm32f40_41xxx.s

TIM4_IRQHandler 0000002A

Symbol: TIM4_IRQHandler
   Definitions
      At line 354 in file RTE\Device\STM32F407VG\startup_stm32f40_41xxx.s
   Uses
      At line 117 in file RTE\Device\STM32F407VG\startup_stm32f40_41xxx.s
      At line 271 in file RTE\Device\STM32F407VG\startup_stm32f40_41xxx.s



ARM Macro Assembler    Page 13 Alphabetic symbol ordering
Relocatable symbols


TIM5_IRQHandler 0000002A

Symbol: TIM5_IRQHandler
   Definitions
      At line 374 in file RTE\Device\STM32F407VG\startup_stm32f40_41xxx.s
   Uses
      At line 137 in file RTE\Device\STM32F407VG\startup_stm32f40_41xxx.s
      At line 291 in file RTE\Device\STM32F407VG\startup_stm32f40_41xxx.s

TIM6_DAC_IRQHandler 0000002A

Symbol: TIM6_DAC_IRQHandler
   Definitions
      At line 378 in file RTE\Device\STM32F407VG\startup_stm32f40_41xxx.s
   Uses
      At line 141 in file RTE\Device\STM32F407VG\startup_stm32f40_41xxx.s
      At line 295 in file RTE\Device\STM32F407VG\startup_stm32f40_41xxx.s

TIM7_IRQHandler 0000002A

Symbol: TIM7_IRQHandler
   Definitions
      At line 379 in file RTE\Device\STM32F407VG\startup_stm32f40_41xxx.s
   Uses
      At line 142 in file RTE\Device\STM32F407VG\startup_stm32f40_41xxx.s
      At line 296 in file RTE\Device\STM32F407VG\startup_stm32f40_41xxx.s

TIM8_BRK_TIM12_IRQHandler 0000002A

Symbol: TIM8_BRK_TIM12_IRQHandler
   Definitions
      At line 367 in file RTE\Device\STM32F407VG\startup_stm32f40_41xxx.s
   Uses
      At line 130 in file RTE\Device\STM32F407VG\startup_stm32f40_41xxx.s
      At line 284 in file RTE\Device\STM32F407VG\startup_stm32f40_41xxx.s

TIM8_CC_IRQHandler 0000002A

Symbol: TIM8_CC_IRQHandler
   Definitions
      At line 370 in file RTE\Device\STM32F407VG\startup_stm32f40_41xxx.s
   Uses
      At line 133 in file RTE\Device\STM32F407VG\startup_stm32f40_41xxx.s
      At line 287 in file RTE\Device\STM32F407VG\startup_stm32f40_41xxx.s

TIM8_TRG_COM_TIM14_IRQHandler 0000002A

Symbol: TIM8_TRG_COM_TIM14_IRQHandler
   Definitions
      At line 369 in file RTE\Device\STM32F407VG\startup_stm32f40_41xxx.s
   Uses
      At line 132 in file RTE\Device\STM32F407VG\startup_stm32f40_41xxx.s
      At line 286 in file RTE\Device\STM32F407VG\startup_stm32f40_41xxx.s

TIM8_UP_TIM13_IRQHandler 0000002A

Symbol: TIM8_UP_TIM13_IRQHandler
   Definitions



ARM Macro Assembler    Page 14 Alphabetic symbol ordering
Relocatable symbols

      At line 368 in file RTE\Device\STM32F407VG\startup_stm32f40_41xxx.s
   Uses
      At line 131 in file RTE\Device\STM32F407VG\startup_stm32f40_41xxx.s
      At line 285 in file RTE\Device\STM32F407VG\startup_stm32f40_41xxx.s

UART4_IRQHandler 0000002A

Symbol: UART4_IRQHandler
   Definitions
      At line 376 in file RTE\Device\STM32F407VG\startup_stm32f40_41xxx.s
   Uses
      At line 139 in file RTE\Device\STM32F407VG\startup_stm32f40_41xxx.s
      At line 293 in file RTE\Device\STM32F407VG\startup_stm32f40_41xxx.s

UART5_IRQHandler 0000002A

Symbol: UART5_IRQHandler
   Definitions
      At line 377 in file RTE\Device\STM32F407VG\startup_stm32f40_41xxx.s
   Uses
      At line 140 in file RTE\Device\STM32F407VG\startup_stm32f40_41xxx.s
      At line 294 in file RTE\Device\STM32F407VG\startup_stm32f40_41xxx.s

USART1_IRQHandler 0000002A

Symbol: USART1_IRQHandler
   Definitions
      At line 361 in file RTE\Device\STM32F407VG\startup_stm32f40_41xxx.s
   Uses
      At line 124 in file RTE\Device\STM32F407VG\startup_stm32f40_41xxx.s
      At line 278 in file RTE\Device\STM32F407VG\startup_stm32f40_41xxx.s

USART2_IRQHandler 0000002A

Symbol: USART2_IRQHandler
   Definitions
      At line 362 in file RTE\Device\STM32F407VG\startup_stm32f40_41xxx.s
   Uses
      At line 125 in file RTE\Device\STM32F407VG\startup_stm32f40_41xxx.s
      At line 279 in file RTE\Device\STM32F407VG\startup_stm32f40_41xxx.s

USART3_IRQHandler 0000002A

Symbol: USART3_IRQHandler
   Definitions
      At line 363 in file RTE\Device\STM32F407VG\startup_stm32f40_41xxx.s
   Uses
      At line 126 in file RTE\Device\STM32F407VG\startup_stm32f40_41xxx.s
      At line 280 in file RTE\Device\STM32F407VG\startup_stm32f40_41xxx.s

USART6_IRQHandler 0000002A

Symbol: USART6_IRQHandler
   Definitions
      At line 395 in file RTE\Device\STM32F407VG\startup_stm32f40_41xxx.s
   Uses
      At line 158 in file RTE\Device\STM32F407VG\startup_stm32f40_41xxx.s
      At line 312 in file RTE\Device\STM32F407VG\startup_stm32f40_41xxx.s




ARM Macro Assembler    Page 15 Alphabetic symbol ordering
Relocatable symbols

UsageFault_Handler 00000020

Symbol: UsageFault_Handler
   Definitions
      At line 217 in file RTE\Device\STM32F407VG\startup_stm32f40_41xxx.s
   Uses
      At line 75 in file RTE\Device\STM32F407VG\startup_stm32f40_41xxx.s
      At line 218 in file RTE\Device\STM32F407VG\startup_stm32f40_41xxx.s

WWDG_IRQHandler 0000002A

Symbol: WWDG_IRQHandler
   Definitions
      At line 324 in file RTE\Device\STM32F407VG\startup_stm32f40_41xxx.s
   Uses
      At line 87 in file RTE\Device\STM32F407VG\startup_stm32f40_41xxx.s
      At line 241 in file RTE\Device\STM32F407VG\startup_stm32f40_41xxx.s

94 symbols



ARM Macro Assembler    Page 1 Alphabetic symbol ordering
Absolute symbols

Heap_Size 00000200

Symbol: Heap_Size
   Definitions
      At line 52 in file RTE\Device\STM32F407VG\startup_stm32f40_41xxx.s
   Uses
      At line 56 in file RTE\Device\STM32F407VG\startup_stm32f40_41xxx.s
Comment: Heap_Size used once
Stack_Size 00000400

Symbol: Stack_Size
   Definitions
      At line 41 in file RTE\Device\STM32F407VG\startup_stm32f40_41xxx.s
   Uses
      At line 44 in file RTE\Device\STM32F407VG\startup_stm32f40_41xxx.s
Comment: Stack_Size used once
__Vectors_Size 00000188

Symbol: __Vectors_Size
   Definitions
      At line 172 in file RTE\Device\STM32F407VG\startup_stm32f40_41xxx.s
   Uses
      At line 67 in file RTE\Device\STM32F407VG\startup_stm32f40_41xxx.s
Comment: __Vectors_Size used once
3 symbols



ARM Macro Assembler    Page 1 Alphabetic symbol ordering
External symbols

ViterbiUpdate_asm 00000000

Symbol: ViterbiUpdate_asm
   Definitions
      At line 181 in file RTE\Device\STM32F407VG\startup_stm32f40_41xxx.s
   Uses
      None
Comment: ViterbiUpdate_asm unused
__main 00000000

Symbol: __main
   Definitions
      At line 180 in file RTE\Device\STM32F407VG\startup_stm32f40_41xxx.s
   Uses
      At line 191 in file RTE\Device\STM32F407VG\startup_stm32f40_41xxx.s
Comment: __main used once
2 symbols
446 symbols in table
